<?xml version="1.0" encoding="UTF-8"?>
<!-- Generated by org.testng.reporters.JUnitXMLReporter -->
<testsuite ignored="0" hostname="CNPGBGOKCEMU" failures="0" tests="10" name="HerokuAppTests" time="37.698" errors="0" timestamp="2022-03-13T17:51:41 TRT">
  <testcase classname="digestauthenticate.BasicAuthenticationTests" name="testBasicAuthenticate" time="0.002"/>
  <testcase classname="dropdown.DropdownTests" name="testSelectOption" time="0.487"/>
  <testcase classname="forgotpassword.ForgotPasswordTests" name="testForgotPassword" time="0.826"/>
  <testcase classname="login.LoginTests" name="testNullUsernameandPassword" time="1.538"/>
  <testcase classname="login.LoginTests" name="testSuccesfulLogin" time="0.972"/>
  <testcase classname="login.LoginTests" name="testWrongPassword" time="0.976"/>
  <testcase classname="login.LoginTests" name="testWrongUsername" time="0.943"/>
  <testcase classname="logout.LogoutTests" name="testSuccessfulLogout" time="1.543"/>
  <testcase classname="shiftingcontent.ShiftingContentTests" name="testMenuElementReturnHomePage" time="0.883"/>
  <testcase classname="shiftingcontent.ShiftingContentTests" name="testMenuElements" time="0.534"/>
</testsuite> <!-- HerokuAppTests -->
